This is pdfTeX, Version 3.14159265-2.6-1.40.19 (TeX Live 2019/dev/Debian) (preloaded format=pdflatex 2019.7.20)  23 JUL 2019 22:36
entering extended mode
 restricted \write18 enabled.
 %&-line parsing enabled.
**calculus.tex
(./calculus.tex
LaTeX2e <2018-12-01>
(/usr/share/texlive/texmf-dist/tex/latex/base/book.cls
Document Class: book 2018/09/03 v1.4i Standard LaTeX document class
(/usr/share/texlive/texmf-dist/tex/latex/base/bk10.clo
File: bk10.clo 2018/09/03 v1.4i Standard LaTeX file (size option)
)
\c@part=\count80
\c@chapter=\count81
\c@section=\count82
\c@subsection=\count83
\c@subsubsection=\count84
\c@paragraph=\count85
\c@subparagraph=\count86
\c@figure=\count87
\c@table=\count88
\abovecaptionskip=\skip41
\belowcaptionskip=\skip42
\bibindent=\dimen102
)
(/usr/share/texlive/texmf-dist/tex/latex/geometry/geometry.sty
Package: geometry 2018/04/16 v5.8 Page Geometry

(/usr/share/texlive/texmf-dist/tex/latex/graphics/keyval.sty
Package: keyval 2014/10/28 v1.15 key=value parser (DPC)
\KV@toks@=\toks14
)
(/usr/share/texlive/texmf-dist/tex/generic/oberdiek/ifpdf.sty
Package: ifpdf 2018/09/07 v3.3 Provides the ifpdf switch
)
(/usr/share/texlive/texmf-dist/tex/generic/oberdiek/ifvtex.sty
Package: ifvtex 2016/05/16 v1.6 Detect VTeX and its facilities (HO)
Package ifvtex Info: VTeX not detected.
)
(/usr/share/texlive/texmf-dist/tex/generic/ifxetex/ifxetex.sty
Package: ifxetex 2010/09/12 v0.6 Provides ifxetex conditional
)
\Gm@cnth=\count89
\Gm@cntv=\count90
\c@Gm@tempcnt=\count91
\Gm@bindingoffset=\dimen103
\Gm@wd@mp=\dimen104
\Gm@odd@mp=\dimen105
\Gm@even@mp=\dimen106
\Gm@layoutwidth=\dimen107
\Gm@layoutheight=\dimen108
\Gm@layouthoffset=\dimen109
\Gm@layoutvoffset=\dimen110
\Gm@dimlist=\toks15
)
(/usr/share/texlive/texmf-dist/tex/latex/amsmath/amsmath.sty
Package: amsmath 2018/12/01 v2.17b AMS math features
\@mathmargin=\skip43

For additional information on amsmath, use the `?' option.
(/usr/share/texlive/texmf-dist/tex/latex/amsmath/amstext.sty
Package: amstext 2000/06/29 v2.01 AMS text

(/usr/share/texlive/texmf-dist/tex/latex/amsmath/amsgen.sty
File: amsgen.sty 1999/11/30 v2.0 generic functions
\@emptytoks=\toks16
\ex@=\dimen111
))
(/usr/share/texlive/texmf-dist/tex/latex/amsmath/amsbsy.sty
Package: amsbsy 1999/11/29 v1.2d Bold Symbols
\pmbraise@=\dimen112
)
(/usr/share/texlive/texmf-dist/tex/latex/amsmath/amsopn.sty
Package: amsopn 2016/03/08 v2.02 operator names
)
\inf@bad=\count92
LaTeX Info: Redefining \frac on input line 223.
\uproot@=\count93
\leftroot@=\count94
LaTeX Info: Redefining \overline on input line 385.
\classnum@=\count95
\DOTSCASE@=\count96
LaTeX Info: Redefining \ldots on input line 482.
LaTeX Info: Redefining \dots on input line 485.
LaTeX Info: Redefining \cdots on input line 606.
\Mathstrutbox@=\box27
\strutbox@=\box28
\big@size=\dimen113
LaTeX Font Info:    Redeclaring font encoding OML on input line 729.
LaTeX Font Info:    Redeclaring font encoding OMS on input line 730.
\macc@depth=\count97
\c@MaxMatrixCols=\count98
\dotsspace@=\muskip10
\c@parentequation=\count99
\dspbrk@lvl=\count100
\tag@help=\toks17
\row@=\count101
\column@=\count102
\maxfields@=\count103
\andhelp@=\toks18
\eqnshift@=\dimen114
\alignsep@=\dimen115
\tagshift@=\dimen116
\tagwidth@=\dimen117
\totwidth@=\dimen118
\lineht@=\dimen119
\@envbody=\toks19
\multlinegap=\skip44
\multlinetaggap=\skip45
\mathdisplay@stack=\toks20
LaTeX Info: Redefining \[ on input line 2844.
LaTeX Info: Redefining \] on input line 2845.
)
(/usr/share/texlive/texmf-dist/tex/latex/graphics/graphicx.sty
Package: graphicx 2017/06/01 v1.1a Enhanced LaTeX Graphics (DPC,SPQR)

(/usr/share/texlive/texmf-dist/tex/latex/graphics/graphics.sty
Package: graphics 2017/06/25 v1.2c Standard LaTeX Graphics (DPC,SPQR)

(/usr/share/texlive/texmf-dist/tex/latex/graphics/trig.sty
Package: trig 2016/01/03 v1.10 sin cos tan (DPC)
)
(/usr/share/texlive/texmf-dist/tex/latex/graphics-cfg/graphics.cfg
File: graphics.cfg 2016/06/04 v1.11 sample graphics configuration
)
Package graphics Info: Driver file: pdftex.def on input line 99.

(/usr/share/texlive/texmf-dist/tex/latex/graphics-def/pdftex.def
File: pdftex.def 2018/01/08 v1.0l Graphics/color driver for pdftex
))
\Gin@req@height=\dimen120
\Gin@req@width=\dimen121
)
(/usr/share/texlive/texmf-dist/tex/latex/hyperref/hyperref.sty
Package: hyperref 2018/11/30 v6.88e Hypertext links for LaTeX

(/usr/share/texlive/texmf-dist/tex/generic/oberdiek/hobsub-hyperref.sty
Package: hobsub-hyperref 2016/05/16 v1.14 Bundle oberdiek, subset hyperref (HO)


(/usr/share/texlive/texmf-dist/tex/generic/oberdiek/hobsub-generic.sty
Package: hobsub-generic 2016/05/16 v1.14 Bundle oberdiek, subset generic (HO)
Package: hobsub 2016/05/16 v1.14 Construct package bundles (HO)
Package: infwarerr 2016/05/16 v1.4 Providing info/warning/error messages (HO)
Package: ltxcmds 2016/05/16 v1.23 LaTeX kernel commands for general use (HO)
Package: ifluatex 2016/05/16 v1.4 Provides the ifluatex switch (HO)
Package ifluatex Info: LuaTeX not detected.
Package hobsub Info: Skipping package `ifvtex' (already loaded).
Package: intcalc 2016/05/16 v1.2 Expandable calculations with integers (HO)
Package hobsub Info: Skipping package `ifpdf' (already loaded).
Package: etexcmds 2016/05/16 v1.6 Avoid name clashes with e-TeX commands (HO)
Package: kvsetkeys 2016/05/16 v1.17 Key value parser (HO)
Package: kvdefinekeys 2016/05/16 v1.4 Define keys (HO)
Package: pdftexcmds 2018/09/10 v0.29 Utility functions of pdfTeX for LuaTeX (HO
)
Package pdftexcmds Info: LuaTeX not detected.
Package pdftexcmds Info: \pdf@primitive is available.
Package pdftexcmds Info: \pdf@ifprimitive is available.
Package pdftexcmds Info: \pdfdraftmode found.
Package: pdfescape 2016/05/16 v1.14 Implements pdfTeX's escape features (HO)
Package: bigintcalc 2016/05/16 v1.4 Expandable calculations on big integers (HO
)
Package: bitset 2016/05/16 v1.2 Handle bit-vector datatype (HO)
Package: uniquecounter 2016/05/16 v1.3 Provide unlimited unique counter (HO)
)
Package hobsub Info: Skipping package `hobsub' (already loaded).
Package: letltxmacro 2016/05/16 v1.5 Let assignment for LaTeX macros (HO)
Package: hopatch 2016/05/16 v1.3 Wrapper for package hooks (HO)
Package: xcolor-patch 2016/05/16 xcolor patch
Package: atveryend 2016/05/16 v1.9 Hooks at the very end of document (HO)
Package atveryend Info: \enddocument detected (standard20110627).
Package: atbegshi 2016/06/09 v1.18 At begin shipout hook (HO)
Package: refcount 2016/05/16 v3.5 Data extraction from label references (HO)
Package: hycolor 2016/05/16 v1.8 Color options for hyperref/bookmark (HO)
)
(/usr/share/texlive/texmf-dist/tex/latex/oberdiek/auxhook.sty
Package: auxhook 2016/05/16 v1.4 Hooks for auxiliary files (HO)
)
(/usr/share/texlive/texmf-dist/tex/latex/oberdiek/kvoptions.sty
Package: kvoptions 2016/05/16 v3.12 Key value format for package options (HO)
)
\@linkdim=\dimen122
\Hy@linkcounter=\count104
\Hy@pagecounter=\count105

(/usr/share/texlive/texmf-dist/tex/latex/hyperref/pd1enc.def
File: pd1enc.def 2018/11/30 v6.88e Hyperref: PDFDocEncoding definition (HO)
Now handling font encoding PD1 ...
... no UTF-8 mapping file for font encoding PD1
)
\Hy@SavedSpaceFactor=\count106

(/usr/share/texlive/texmf-dist/tex/latex/latexconfig/hyperref.cfg
File: hyperref.cfg 2002/06/06 v1.2 hyperref configuration of TeXLive
)
Package hyperref Info: Hyper figures OFF on input line 4519.
Package hyperref Info: Link nesting OFF on input line 4524.
Package hyperref Info: Hyper index ON on input line 4527.
Package hyperref Info: Plain pages OFF on input line 4534.
Package hyperref Info: Backreferencing OFF on input line 4539.
Package hyperref Info: Implicit mode ON; LaTeX internals redefined.
Package hyperref Info: Bookmarks ON on input line 4772.
\c@Hy@tempcnt=\count107

(/usr/share/texlive/texmf-dist/tex/latex/url/url.sty
\Urlmuskip=\muskip11
Package: url 2013/09/16  ver 3.4  Verb mode for urls, etc.
)
LaTeX Info: Redefining \url on input line 5125.
\XeTeXLinkMargin=\dimen123
\Fld@menulength=\count108
\Field@Width=\dimen124
\Fld@charsize=\dimen125
Package hyperref Info: Hyper figures OFF on input line 6380.
Package hyperref Info: Link nesting OFF on input line 6385.
Package hyperref Info: Hyper index ON on input line 6388.
Package hyperref Info: backreferencing OFF on input line 6395.
Package hyperref Info: Link coloring OFF on input line 6400.
Package hyperref Info: Link coloring with OCG OFF on input line 6405.
Package hyperref Info: PDF/A mode OFF on input line 6410.
LaTeX Info: Redefining \ref on input line 6450.
LaTeX Info: Redefining \pageref on input line 6454.
\Hy@abspage=\count109
\c@Item=\count110
\c@Hfootnote=\count111
)
Package hyperref Info: Driver (autodetected): hpdftex.

(/usr/share/texlive/texmf-dist/tex/latex/hyperref/hpdftex.def
File: hpdftex.def 2018/11/30 v6.88e Hyperref driver for pdfTeX
\Fld@listcount=\count112
\c@bookmark@seq@number=\count113

(/usr/share/texlive/texmf-dist/tex/latex/oberdiek/rerunfilecheck.sty
Package: rerunfilecheck 2016/05/16 v1.8 Rerun checks for auxiliary files (HO)
Package uniquecounter Info: New unique counter `rerunfilecheck' on input line 2
82.
)
\Hy@SectionHShift=\skip46
)
(/usr/share/texlive/texmf-dist/tex/latex/amsfonts/amssymb.sty
Package: amssymb 2013/01/14 v3.01 AMS font symbols

(/usr/share/texlive/texmf-dist/tex/latex/amsfonts/amsfonts.sty
Package: amsfonts 2013/01/14 v3.01 Basic AMSFonts support
\symAMSa=\mathgroup4
\symAMSb=\mathgroup5
LaTeX Font Info:    Overwriting math alphabet `\mathfrak' in version `bold'
(Font)                  U/euf/m/n --> U/euf/b/n on input line 106.
))
(/usr/share/texmf/tex/latex/tcolorbox/tcolorbox.sty
Package: tcolorbox 2019/03/02 version 4.20 text color boxes

(/usr/share/texlive/texmf-dist/tex/latex/pgf/basiclayer/pgf.sty
(/usr/share/texlive/texmf-dist/tex/latex/pgf/utilities/pgfrcs.sty
(/usr/share/texlive/texmf-dist/tex/generic/pgf/utilities/pgfutil-common.tex
\pgfutil@everybye=\toks21
\pgfutil@tempdima=\dimen126
\pgfutil@tempdimb=\dimen127

(/usr/share/texlive/texmf-dist/tex/generic/pgf/utilities/pgfutil-common-lists.t
ex)) (/usr/share/texlive/texmf-dist/tex/generic/pgf/utilities/pgfutil-latex.def
\pgfutil@abb=\box29
(/usr/share/texlive/texmf-dist/tex/latex/ms/everyshi.sty
Package: everyshi 2001/05/15 v3.00 EveryShipout Package (MS)
))
(/usr/share/texlive/texmf-dist/tex/generic/pgf/utilities/pgfrcs.code.tex
(/usr/share/texlive/texmf-dist/tex/generic/pgf/pgf.revision.tex)
Package: pgfrcs 2019/02/02 v3.1.1 (3.1.1)
))
Package: pgf 2019/02/02 v3.1.1 (3.1.1)

(/usr/share/texlive/texmf-dist/tex/latex/pgf/basiclayer/pgfcore.sty
(/usr/share/texlive/texmf-dist/tex/latex/pgf/systemlayer/pgfsys.sty
(/usr/share/texlive/texmf-dist/tex/generic/pgf/systemlayer/pgfsys.code.tex
Package: pgfsys 2019/02/02 v3.1.1 (3.1.1)

(/usr/share/texlive/texmf-dist/tex/generic/pgf/utilities/pgfkeys.code.tex
\pgfkeys@pathtoks=\toks22
\pgfkeys@temptoks=\toks23

(/usr/share/texlive/texmf-dist/tex/generic/pgf/utilities/pgfkeysfiltered.code.t
ex
\pgfkeys@tmptoks=\toks24
))
\pgf@x=\dimen128
\pgf@y=\dimen129
\pgf@xa=\dimen130
\pgf@ya=\dimen131
\pgf@xb=\dimen132
\pgf@yb=\dimen133
\pgf@xc=\dimen134
\pgf@yc=\dimen135
\w@pgf@writea=\write3
\r@pgf@reada=\read1
\c@pgf@counta=\count114
\c@pgf@countb=\count115
\c@pgf@countc=\count116
\c@pgf@countd=\count117
\t@pgf@toka=\toks25
\t@pgf@tokb=\toks26
\t@pgf@tokc=\toks27
\pgf@sys@id@count=\count118
 (/usr/share/texlive/texmf-dist/tex/generic/pgf/systemlayer/pgf.cfg
File: pgf.cfg 2019/02/02 v3.1.1 (3.1.1)
)
Driver file for pgf: pgfsys-pdftex.def

(/usr/share/texlive/texmf-dist/tex/generic/pgf/systemlayer/pgfsys-pdftex.def
File: pgfsys-pdftex.def 2019/02/02 v3.1.1 (3.1.1)

(/usr/share/texlive/texmf-dist/tex/generic/pgf/systemlayer/pgfsys-common-pdf.de
f
File: pgfsys-common-pdf.def 2019/02/02 v3.1.1 (3.1.1)
)))
(/usr/share/texlive/texmf-dist/tex/generic/pgf/systemlayer/pgfsyssoftpath.code.
tex
File: pgfsyssoftpath.code.tex 2019/02/02 v3.1.1 (3.1.1)
\pgfsyssoftpath@smallbuffer@items=\count119
\pgfsyssoftpath@bigbuffer@items=\count120
)
(/usr/share/texlive/texmf-dist/tex/generic/pgf/systemlayer/pgfsysprotocol.code.
tex
File: pgfsysprotocol.code.tex 2019/02/02 v3.1.1 (3.1.1)
)) (/usr/share/texlive/texmf-dist/tex/latex/xcolor/xcolor.sty
Package: xcolor 2016/05/11 v2.12 LaTeX color extensions (UK)

(/usr/share/texlive/texmf-dist/tex/latex/graphics-cfg/color.cfg
File: color.cfg 2016/01/02 v1.6 sample color configuration
)
Package xcolor Info: Driver file: pdftex.def on input line 225.
Package xcolor Info: Model `cmy' substituted by `cmy0' on input line 1348.
Package xcolor Info: Model `hsb' substituted by `rgb' on input line 1352.
Package xcolor Info: Model `RGB' extended on input line 1364.
Package xcolor Info: Model `HTML' substituted by `rgb' on input line 1366.
Package xcolor Info: Model `Hsb' substituted by `hsb' on input line 1367.
Package xcolor Info: Model `tHsb' substituted by `hsb' on input line 1368.
Package xcolor Info: Model `HSB' substituted by `hsb' on input line 1369.
Package xcolor Info: Model `Gray' substituted by `gray' on input line 1370.
Package xcolor Info: Model `wave' substituted by `hsb' on input line 1371.
)
(/usr/share/texlive/texmf-dist/tex/generic/pgf/basiclayer/pgfcore.code.tex
Package: pgfcore 2019/02/02 v3.1.1 (3.1.1)

(/usr/share/texlive/texmf-dist/tex/generic/pgf/math/pgfmath.code.tex
(/usr/share/texlive/texmf-dist/tex/generic/pgf/math/pgfmathcalc.code.tex
(/usr/share/texlive/texmf-dist/tex/generic/pgf/math/pgfmathutil.code.tex)
(/usr/share/texlive/texmf-dist/tex/generic/pgf/math/pgfmathparser.code.tex
\pgfmath@dimen=\dimen136
\pgfmath@count=\count121
\pgfmath@box=\box30
\pgfmath@toks=\toks28
\pgfmath@stack@operand=\toks29
\pgfmath@stack@operation=\toks30
)
(/usr/share/texlive/texmf-dist/tex/generic/pgf/math/pgfmathfunctions.code.tex
(/usr/share/texlive/texmf-dist/tex/generic/pgf/math/pgfmathfunctions.basic.code
.tex)
(/usr/share/texlive/texmf-dist/tex/generic/pgf/math/pgfmathfunctions.trigonomet
ric.code.tex)
(/usr/share/texlive/texmf-dist/tex/generic/pgf/math/pgfmathfunctions.random.cod
e.tex)
(/usr/share/texlive/texmf-dist/tex/generic/pgf/math/pgfmathfunctions.comparison
.code.tex)
(/usr/share/texlive/texmf-dist/tex/generic/pgf/math/pgfmathfunctions.base.code.
tex)
(/usr/share/texlive/texmf-dist/tex/generic/pgf/math/pgfmathfunctions.round.code
.tex)
(/usr/share/texlive/texmf-dist/tex/generic/pgf/math/pgfmathfunctions.misc.code.
tex)
(/usr/share/texlive/texmf-dist/tex/generic/pgf/math/pgfmathfunctions.integerari
thmetics.code.tex)))
(/usr/share/texlive/texmf-dist/tex/generic/pgf/math/pgfmathfloat.code.tex
\c@pgfmathroundto@lastzeros=\count122
))
(/usr/share/texlive/texmf-dist/tex/generic/pgf/basiclayer/pgfcorepoints.code.te
x
File: pgfcorepoints.code.tex 2019/02/02 v3.1.1 (3.1.1)
\pgf@picminx=\dimen137
\pgf@picmaxx=\dimen138
\pgf@picminy=\dimen139
\pgf@picmaxy=\dimen140
\pgf@pathminx=\dimen141
\pgf@pathmaxx=\dimen142
\pgf@pathminy=\dimen143
\pgf@pathmaxy=\dimen144
\pgf@xx=\dimen145
\pgf@xy=\dimen146
\pgf@yx=\dimen147
\pgf@yy=\dimen148
\pgf@zx=\dimen149
\pgf@zy=\dimen150
)
(/usr/share/texlive/texmf-dist/tex/generic/pgf/basiclayer/pgfcorepathconstruct.
code.tex
File: pgfcorepathconstruct.code.tex 2019/02/02 v3.1.1 (3.1.1)
\pgf@path@lastx=\dimen151
\pgf@path@lasty=\dimen152
)
(/usr/share/texlive/texmf-dist/tex/generic/pgf/basiclayer/pgfcorepathusage.code
.tex
File: pgfcorepathusage.code.tex 2019/02/02 v3.1.1 (3.1.1)
\pgf@shorten@end@additional=\dimen153
\pgf@shorten@start@additional=\dimen154
)
(/usr/share/texlive/texmf-dist/tex/generic/pgf/basiclayer/pgfcorescopes.code.te
x
File: pgfcorescopes.code.tex 2019/02/02 v3.1.1 (3.1.1)
\pgfpic=\box31
\pgf@hbox=\box32
\pgf@layerbox@main=\box33
\pgf@picture@serial@count=\count123
)
(/usr/share/texlive/texmf-dist/tex/generic/pgf/basiclayer/pgfcoregraphicstate.c
ode.tex
File: pgfcoregraphicstate.code.tex 2019/02/02 v3.1.1 (3.1.1)
\pgflinewidth=\dimen155
)
(/usr/share/texlive/texmf-dist/tex/generic/pgf/basiclayer/pgfcoretransformation
s.code.tex
File: pgfcoretransformations.code.tex 2019/02/02 v3.1.1 (3.1.1)
\pgf@pt@x=\dimen156
\pgf@pt@y=\dimen157
\pgf@pt@temp=\dimen158
)
(/usr/share/texlive/texmf-dist/tex/generic/pgf/basiclayer/pgfcorequick.code.tex
File: pgfcorequick.code.tex 2019/02/02 v3.1.1 (3.1.1)
)
(/usr/share/texlive/texmf-dist/tex/generic/pgf/basiclayer/pgfcoreobjects.code.t
ex
File: pgfcoreobjects.code.tex 2019/02/02 v3.1.1 (3.1.1)
)
(/usr/share/texlive/texmf-dist/tex/generic/pgf/basiclayer/pgfcorepathprocessing
.code.tex
File: pgfcorepathprocessing.code.tex 2019/02/02 v3.1.1 (3.1.1)
)
(/usr/share/texlive/texmf-dist/tex/generic/pgf/basiclayer/pgfcorearrows.code.te
x
File: pgfcorearrows.code.tex 2019/02/02 v3.1.1 (3.1.1)
\pgfarrowsep=\dimen159
)
(/usr/share/texlive/texmf-dist/tex/generic/pgf/basiclayer/pgfcoreshade.code.tex
File: pgfcoreshade.code.tex 2019/02/02 v3.1.1 (3.1.1)
\pgf@max=\dimen160
\pgf@sys@shading@range@num=\count124
)
(/usr/share/texlive/texmf-dist/tex/generic/pgf/basiclayer/pgfcoreimage.code.tex
File: pgfcoreimage.code.tex 2019/02/02 v3.1.1 (3.1.1)

(/usr/share/texlive/texmf-dist/tex/generic/pgf/basiclayer/pgfcoreexternal.code.
tex
File: pgfcoreexternal.code.tex 2019/02/02 v3.1.1 (3.1.1)
\pgfexternal@startupbox=\box34
))
(/usr/share/texlive/texmf-dist/tex/generic/pgf/basiclayer/pgfcorelayers.code.te
x
File: pgfcorelayers.code.tex 2019/02/02 v3.1.1 (3.1.1)
)
(/usr/share/texlive/texmf-dist/tex/generic/pgf/basiclayer/pgfcoretransparency.c
ode.tex
File: pgfcoretransparency.code.tex 2019/02/02 v3.1.1 (3.1.1)
)
(/usr/share/texlive/texmf-dist/tex/generic/pgf/basiclayer/pgfcorepatterns.code.
tex
File: pgfcorepatterns.code.tex 2019/02/02 v3.1.1 (3.1.1)
)
(/usr/share/texlive/texmf-dist/tex/generic/pgf/basiclayer/pgfcorerdf.code.tex
File: pgfcorerdf.code.tex 2019/02/02 v3.1.1 (3.1.1)
)))
(/usr/share/texlive/texmf-dist/tex/generic/pgf/modules/pgfmoduleshapes.code.tex
File: pgfmoduleshapes.code.tex 2019/02/02 v3.1.1 (3.1.1)
\pgfnodeparttextbox=\box35
) (/usr/share/texlive/texmf-dist/tex/generic/pgf/modules/pgfmoduleplot.code.tex
File: pgfmoduleplot.code.tex 2019/02/02 v3.1.1 (3.1.1)
)
(/usr/share/texlive/texmf-dist/tex/latex/pgf/compatibility/pgfcomp-version-0-65
.sty
Package: pgfcomp-version-0-65 2019/02/02 v3.1.1 (3.1.1)
\pgf@nodesepstart=\dimen161
\pgf@nodesepend=\dimen162
)
(/usr/share/texlive/texmf-dist/tex/latex/pgf/compatibility/pgfcomp-version-1-18
.sty
Package: pgfcomp-version-1-18 2019/02/02 v3.1.1 (3.1.1)
)) (/usr/share/texlive/texmf-dist/tex/latex/tools/verbatim.sty
Package: verbatim 2014/10/28 v1.5q LaTeX2e package for verbatim enhancements
\every@verbatim=\toks31
\verbatim@line=\toks32
\verbatim@in@stream=\read2
)
(/usr/share/texlive/texmf-dist/tex/latex/environ/environ.sty
Package: environ 2014/05/04 v0.3 A new way to define environments

(/usr/share/texlive/texmf-dist/tex/latex/trimspaces/trimspaces.sty
Package: trimspaces 2009/09/17 v1.1 Trim spaces around a token list
))
(/usr/share/texlive/texmf-dist/tex/latex/etoolbox/etoolbox.sty
Package: etoolbox 2018/08/19 v2.5f e-TeX tools for LaTeX (JAW)
\etb@tempcnta=\count125
)
\tcb@titlebox=\box36
\tcb@upperbox=\box37
\tcb@lowerbox=\box38
\tcb@phantombox=\box39
\c@tcbbreakpart=\count126
\c@tcblayer=\count127
\tcolorbox@number=\count128
\tcb@temp=\box40
\tcb@temp=\box41
\tcb@temp=\box42
\tcb@temp=\box43
\tcb@out=\write4
\tcb@record@out=\write5

(/usr/share/texmf/tex/latex/tcolorbox/tcbbreakable.code.tex
Library (tcolorbox): 'tcbbreakable.code.tex' version '4.20'
\tcb@testbox=\box44
\tcb@totalupperbox=\box45
\tcb@totallowerbox=\box46
) (/usr/share/texmf/tex/latex/tcolorbox/tcbskins.code.tex
Library (tcolorbox): 'tcbskins.code.tex' version '4.20'
(/usr/share/texlive/texmf-dist/tex/latex/pgf/frontendlayer/tikz.sty
(/usr/share/texlive/texmf-dist/tex/latex/pgf/utilities/pgffor.sty
(/usr/share/texlive/texmf-dist/tex/latex/pgf/utilities/pgfkeys.sty
(/usr/share/texlive/texmf-dist/tex/generic/pgf/utilities/pgfkeys.code.tex))
(/usr/share/texlive/texmf-dist/tex/latex/pgf/math/pgfmath.sty
(/usr/share/texlive/texmf-dist/tex/generic/pgf/math/pgfmath.code.tex))
(/usr/share/texlive/texmf-dist/tex/generic/pgf/utilities/pgffor.code.tex
Package: pgffor 2019/02/02 v3.1.1 (3.1.1)

(/usr/share/texlive/texmf-dist/tex/generic/pgf/math/pgfmath.code.tex)
\pgffor@iter=\dimen163
\pgffor@skip=\dimen164
\pgffor@stack=\toks33
\pgffor@toks=\toks34
))
(/usr/share/texlive/texmf-dist/tex/generic/pgf/frontendlayer/tikz/tikz.code.tex
Package: tikz 2019/02/02 v3.1.1 (3.1.1)

(/usr/share/texlive/texmf-dist/tex/generic/pgf/libraries/pgflibraryplothandlers
.code.tex
File: pgflibraryplothandlers.code.tex 2019/02/02 v3.1.1 (3.1.1)
\pgf@plot@mark@count=\count129
\pgfplotmarksize=\dimen165
)
\tikz@lastx=\dimen166
\tikz@lasty=\dimen167
\tikz@lastxsaved=\dimen168
\tikz@lastysaved=\dimen169
\tikzleveldistance=\dimen170
\tikzsiblingdistance=\dimen171
\tikz@figbox=\box47
\tikz@figbox@bg=\box48
\tikz@tempbox=\box49
\tikz@tempbox@bg=\box50
\tikztreelevel=\count130
\tikznumberofchildren=\count131
\tikznumberofcurrentchild=\count132
\tikz@fig@count=\count133

(/usr/share/texlive/texmf-dist/tex/generic/pgf/modules/pgfmodulematrix.code.tex
File: pgfmodulematrix.code.tex 2019/02/02 v3.1.1 (3.1.1)
\pgfmatrixcurrentrow=\count134
\pgfmatrixcurrentcolumn=\count135
\pgf@matrix@numberofcolumns=\count136
)
\tikz@expandcount=\count137

(/usr/share/texlive/texmf-dist/tex/generic/pgf/frontendlayer/tikz/libraries/tik
zlibrarytopaths.code.tex
File: tikzlibrarytopaths.code.tex 2019/02/02 v3.1.1 (3.1.1)
)))
\tcb@waterbox=\box51

(/usr/share/texmf/tex/latex/tcolorbox/tcbskinsjigsaw.code.tex
Library (tcolorbox): 'tcbskinsjigsaw.code.tex' version '4.20'
))) (/usr/share/texlive/texmf-dist/tex/latex/base/inputenc.sty
Package: inputenc 2018/08/11 v1.3c Input encoding file
\inpenc@prehook=\toks35
\inpenc@posthook=\toks36

(/usr/share/texlive/texmf-dist/tex/latex/base/latin1.def
File: latin1.def 2018/08/11 v1.3c Input encoding file
))
Package hyperref Info: Option `colorlinks' set `true' on input line 18.
 (./calculus.aux)
\openout1 = `calculus.aux'.

LaTeX Font Info:    Checking defaults for OML/cmm/m/it on input line 40.
LaTeX Font Info:    ... okay on input line 40.
LaTeX Font Info:    Checking defaults for T1/cmr/m/n on input line 40.
LaTeX Font Info:    ... okay on input line 40.
LaTeX Font Info:    Checking defaults for OT1/cmr/m/n on input line 40.
LaTeX Font Info:    ... okay on input line 40.
LaTeX Font Info:    Checking defaults for OMS/cmsy/m/n on input line 40.
LaTeX Font Info:    ... okay on input line 40.
LaTeX Font Info:    Checking defaults for OMX/cmex/m/n on input line 40.
LaTeX Font Info:    ... okay on input line 40.
LaTeX Font Info:    Checking defaults for U/cmr/m/n on input line 40.
LaTeX Font Info:    ... okay on input line 40.
LaTeX Font Info:    Checking defaults for PD1/pdf/m/n on input line 40.
LaTeX Font Info:    ... okay on input line 40.

*geometry* driver: auto-detecting
*geometry* detected driver: pdftex
*geometry* verbose mode - [ preamble ] result:
* driver: pdftex
* paper: a4paper
* layout: <same size as paper>
* layoutoffset:(h,v)=(0.0pt,0.0pt)
* modes: twoside 
* h-part:(L,W,R)=(85.35826pt, 455.24411pt, 56.9055pt)
* v-part:(T,H,B)=(56.9055pt, 731.23584pt, 56.9055pt)
* \paperwidth=597.50787pt
* \paperheight=845.04684pt
* \textwidth=455.24411pt
* \textheight=731.23584pt
* \oddsidemargin=13.08827pt
* \evensidemargin=-15.36449pt
* \topmargin=-45.43198pt
* \headheight=12.0pt
* \headsep=18.06749pt
* \topskip=10.0pt
* \footskip=25.29494pt
* \marginparwidth=115.0pt
* \marginparsep=7.0pt
* \columnsep=10.0pt
* \skip\footins=9.0pt plus 4.0pt minus 2.0pt
* \hoffset=0.0pt
* \voffset=0.0pt
* \mag=1000
* \@twocolumnfalse
* \@twosidetrue
* \@mparswitchtrue
* \@reversemarginfalse
* (1in=72.27pt=25.4mm, 1cm=28.453pt)

(/usr/share/texlive/texmf-dist/tex/context/base/mkii/supp-pdf.mkii
[Loading MPS to PDF converter (version 2006.09.02).]
\scratchcounter=\count138
\scratchdimen=\dimen172
\scratchbox=\box52
\nofMPsegments=\count139
\nofMParguments=\count140
\everyMPshowfont=\toks37
\MPscratchCnt=\count141
\MPscratchDim=\dimen173
\MPnumerator=\count142
\makeMPintoPDFobject=\count143
\everyMPtoPDFconversion=\toks38
) (/usr/share/texlive/texmf-dist/tex/latex/oberdiek/epstopdf-base.sty
Package: epstopdf-base 2016/05/15 v2.6 Base part for package epstopdf

(/usr/share/texlive/texmf-dist/tex/latex/oberdiek/grfext.sty
Package: grfext 2016/05/16 v1.2 Manage graphics extensions (HO)
)
Package epstopdf-base Info: Redefining graphics rule for `.eps' on input line 4
38.
Package grfext Info: Graphics extension search list:
(grfext)             [.pdf,.png,.jpg,.mps,.jpeg,.jbig2,.jb2,.PDF,.PNG,.JPG,.JPE
G,.JBIG2,.JB2,.eps]
(grfext)             \AppendGraphicsExtensions on input line 456.

(/usr/share/texlive/texmf-dist/tex/latex/latexconfig/epstopdf-sys.cfg
File: epstopdf-sys.cfg 2010/07/13 v1.3 Configuration of (r)epstopdf for TeX Liv
e
))
\AtBeginShipoutBox=\box53
Package hyperref Info: Link coloring ON on input line 40.

(/usr/share/texlive/texmf-dist/tex/latex/hyperref/nameref.sty
Package: nameref 2016/05/21 v2.44 Cross-referencing by name of section

(/usr/share/texlive/texmf-dist/tex/generic/oberdiek/gettitlestring.sty
Package: gettitlestring 2016/05/16 v1.5 Cleanup title references (HO)
)
\c@section@level=\count144
)
LaTeX Info: Redefining \ref on input line 40.
LaTeX Info: Redefining \pageref on input line 40.
LaTeX Info: Redefining \nameref on input line 40.

(./calculus.out) (./calculus.out)
\@outlinefile=\write6
\openout6 = `calculus.out'.

 ABD: EveryShipout initializing macros
LaTeX Font Info:    Try loading font information for U+msa on input line 43.

(/usr/share/texlive/texmf-dist/tex/latex/amsfonts/umsa.fd
File: umsa.fd 2013/01/14 v3.01 AMS symbols A
)
LaTeX Font Info:    Try loading font information for U+msb on input line 43.

(/usr/share/texlive/texmf-dist/tex/latex/amsfonts/umsb.fd
File: umsb.fd 2013/01/14 v3.01 AMS symbols B
) [1


{/var/lib/texmf/fonts/map/pdftex/updmap/pdftex.map}] [2

] (./calculus.toc [3] [4])
\tf@toc=\write7
\openout7 = `calculus.toc'.

 [5] [6

]
[7] [8]
Chapter 1.

Underfull \hbox (badness 10000) in paragraph at lines 53--56

 []


Underfull \hbox (badness 1320) in paragraph at lines 59--61
\OT1/cmr/m/n/10 Answer: For $[]$ and $[]$: do-main is $\U/msb/m/n/10 R$\OT1/cmr
/m/n/10 ; range is $[]$. For $[]$, the do-main is
 []


Underfull \hbox (badness 1024) in paragraph at lines 65--67
\OT1/cmr/m/n/10 Answer: $[]$ is not a func-tion, be-cause one in-put has many o
ut-puts. For ex-am-ple,
 []


Underfull \hbox (badness 10000) in paragraph at lines 74--82

 []

[9

]
Underfull \hbox (badness 10000) in paragraph at lines 93--97

 []

[10]
<./images/Pythagorean.png, id=633, 250.9375pt x 250.9375pt>
File: ./images/Pythagorean.png Graphic file (type png)
<use ./images/Pythagorean.png>
Package pdftex.def Info: ./images/Pythagorean.png  used on input line 140.
(pdftex.def)             Requested size: 150.56364pt x 150.56364pt.
<./images/UnitCircle.png, id=634, 321.2pt x 301.125pt>
File: ./images/UnitCircle.png Graphic file (type png)
<use ./images/UnitCircle.png>
Package pdftex.def Info: ./images/UnitCircle.png  used on input line 147.
(pdftex.def)             Requested size: 192.72148pt x 180.67638pt.

Underfull \hbox (badness 10000) in paragraph at lines 155--156

 []


Underfull \hbox (badness 10000) in paragraph at lines 156--157

 []

[11 <./images/Pythagorean.png> <./images/UnitCircle.png>]
<./images/ExpLn.png, id=640, 301.125pt x 301.125pt>
File: ./images/ExpLn.png Graphic file (type png)
<use ./images/ExpLn.png>
Package pdftex.def Info: ./images/ExpLn.png  used on input line 186.
(pdftex.def)             Requested size: 180.67638pt x 180.67638pt.

Underfull \hbox (badness 10000) in paragraph at lines 193--197

 []

[12 <./images/ExpLn.png>]
<./images/PointChecking.png, id=648, 250.9375pt x 50.1875pt>
File: ./images/PointChecking.png Graphic file (type png)
<use ./images/PointChecking.png>
Package pdftex.def Info: ./images/PointChecking.png  used on input line 210.
(pdftex.def)             Requested size: 150.56364pt x 30.11272pt.

Underfull \hbox (badness 10000) in paragraph at lines 235--236

 []


Underfull \hbox (badness 10000) in paragraph at lines 235--236

 []

[13 <./images/PointChecking.png>]

Package hyperref Warning: Token not allowed in a PDF string (PDFDocEncoding):
(hyperref)                removing `math shift' on input line 245.


Package hyperref Warning: Token not allowed in a PDF string (PDFDocEncoding):
(hyperref)                removing `superscript' on input line 245.


Package hyperref Warning: Token not allowed in a PDF string (PDFDocEncoding):
(hyperref)                removing `math shift' on input line 245.

[14]
<./images/ExponentialApproximants.png, id=669, 367.3725pt x 401.5pt>
File: ./images/ExponentialApproximants.png Graphic file (type png)
<use ./images/ExponentialApproximants.png>
Package pdftex.def Info: ./images/ExponentialApproximants.png  used on input li
ne 328.
(pdftex.def)             Requested size: 220.42519pt x 240.90184pt.
 [15]
LaTeX Font Info:    Try loading font information for OMS+cmr on input line 334.

 (/usr/share/texlive/texmf-dist/tex/latex/base/omscmr.fd
File: omscmr.fd 2014/09/29 v2.5h Standard LaTeX font definitions
)
LaTeX Font Info:    Font shape `OMS/cmr/m/n' in size <10> not available
(Font)              Font shape `OMS/cmsy/m/n' tried instead on input line 334.
 [16 <./images/ExponentialApproximants.png>]
Underfull \vbox (badness 8132) has occurred while \output is active []

 [17]
<./images/Bessel.png, id=683, 401.5pt x 250.9375pt>
File: ./images/Bessel.png Graphic file (type png)
<use ./images/Bessel.png>
Package pdftex.def Info: ./images/Bessel.png  used on input line 420.
(pdftex.def)             Requested size: 240.90184pt x 150.56364pt.

[18]
<./images/Approximants.png, id=688, 301.125pt x 301.125pt>
File: ./images/Approximants.png Graphic file (type png)
<use ./images/Approximants.png>
Package pdftex.def Info: ./images/Approximants.png  used on input line 430.
(pdftex.def)             Requested size: 180.67638pt x 180.67638pt.
 [19 <./images/Bessel.png> <./images/Approximants.png>] [20]
Underfull \vbox (badness 10000) has occurred while \output is active []

 [21]
<./images/Hyperbolic.png, id=702, 301.125pt x 301.125pt>
File: ./images/Hyperbolic.png Graphic file (type png)
<use ./images/Hyperbolic.png>
Package pdftex.def Info: ./images/Hyperbolic.png  used on input line 525.
(pdftex.def)             Requested size: 180.67638pt x 180.67638pt.

[22 <./images/Hyperbolic.png>]
<./images/HyperbolicPlot.png, id=707, 301.125pt x 301.125pt>
File: ./images/HyperbolicPlot.png Graphic file (type png)
<use ./images/HyperbolicPlot.png>
Package pdftex.def Info: ./images/HyperbolicPlot.png  used on input line 532.
(pdftex.def)             Requested size: 180.67638pt x 180.67638pt.

Underfull \hbox (badness 10000) in paragraph at lines 538--555

 []

[23 <./images/HyperbolicPlot.png>] [24] [25] [26] [27]

LaTeX Warning: Hyper reference `ChSeriesConvergenceAndDivergence' on page 28 un
defined on input line 714.

<./images/LightGlass.png, id=734, 301.125pt x 401.5pt>
File: ./images/LightGlass.png Graphic file (type png)
<use ./images/LightGlass.png>
Package pdftex.def Info: ./images/LightGlass.png  used on input line 717.
(pdftex.def)             Requested size: 180.67638pt x 240.90184pt.
<./images/LightGlassSolved.png, id=735, 351.3125pt x 451.6875pt>
File: ./images/LightGlassSolved.png Graphic file (type png)
<use ./images/LightGlassSolved.png>
Package pdftex.def Info: ./images/LightGlassSolved.png  used on input line 720.

(pdftex.def)             Requested size: 210.78911pt x 271.01459pt.

Underfull \vbox (badness 10000) has occurred while \output is active []

 [28 <./images/LightGlass.png>]
Underfull \vbox (badness 10000) has occurred while \output is active []

 [29 <./images/LightGlassSolved.png>]

Package amsmath Warning: Foreign command \atopwithdelims;
(amsmath)                \frac or \genfrac should be used instead
(amsmath)                 on input line 776.

[30] [31]
<./images/Dipole.png, id=753, 250.9375pt x 250.9375pt>
File: ./images/Dipole.png Graphic file (type png)
<use ./images/Dipole.png>
Package pdftex.def Info: ./images/Dipole.png  used on input line 820.
(pdftex.def)             Requested size: 150.56364pt x 150.56364pt.
<./images/DipolePositions.png, id=754, 351.3125pt x 301.125pt>
File: ./images/DipolePositions.png Graphic file (type png)
<use ./images/DipolePositions.png>
Package pdftex.def Info: ./images/DipolePositions.png  used on input line 823.
(pdftex.def)             Requested size: 210.78911pt x 180.67638pt.
 [32 <./images/Dipole.png> <./images/DipolePositions.png>] [33]
[34]
<./images/NaturalLogApproximation.png, id=767, 301.125pt x 301.125pt>
File: ./images/NaturalLogApproximation.png Graphic file (type png)
<use ./images/NaturalLogApproximation.png>
Package pdftex.def Info: ./images/NaturalLogApproximation.png  used on input li
ne 927.
(pdftex.def)             Requested size: 180.67638pt x 180.67638pt.
 [35 <./images/NaturalLogApproximation.png>] [36]
<./images/Limit.png, id=777, 301.125pt x 301.125pt>
File: ./images/Limit.png Graphic file (type png)
<use ./images/Limit.png>
Package pdftex.def Info: ./images/Limit.png  used on input line 1009.
(pdftex.def)             Requested size: 180.67638pt x 180.67638pt.
 [37 <./images/Limit.png>]
<./images/LimitFails.png, id=783, 602.25pt x 200.75pt>
File: ./images/LimitFails.png Graphic file (type png)
<use ./images/LimitFails.png>
Package pdftex.def Info: ./images/LimitFails.png  used on input line 1032.
(pdftex.def)             Requested size: 361.35278pt x 120.45091pt.
[38 <./images/LimitFails.png>]
Underfull \vbox (badness 10000) has occurred while \output is active []

 [39]
[40] [41] [42] [43] [44] [45] [46] [47]
<./images/AsymptoticMonomial.png, id=866, 301.125pt x 301.125pt>
File: ./images/AsymptoticMonomial.png Graphic file (type png)
<use ./images/AsymptoticMonomial.png>
Package pdftex.def Info: ./images/AsymptoticMonomial.png  used on input line 14
16.
(pdftex.def)             Requested size: 180.67638pt x 180.67638pt.
 [48 <./images/AsymptoticMonomial.png>]
<./images/OrdersOfGrowth.png, id=871, 401.5pt x 200.75pt>
File: ./images/OrdersOfGrowth.png Graphic file (type png)
<use ./images/OrdersOfGrowth.png>
Package pdftex.def Info: ./images/OrdersOfGrowth.png  used on input line 1465.
(pdftex.def)             Requested size: 240.90184pt x 120.45091pt.

[49 <./images/OrdersOfGrowth.png>]
Underfull \vbox (badness 10000) has occurred while \output is active []

 [50]
[51]

LaTeX Warning: Hyper reference `ChTaylorRemainderTheorem' on page 52 undefined 
on input line 1578.

[52] [53] [54]
Chapter 2.

Underfull \vbox (badness 1221) has occurred while \output is active []

 [55

]
[56]
Underfull \hbox (badness 10000) in paragraph at lines 1746--1748

 []

[57] [58]
Underfull \hbox (badness 10000) in paragraph at lines 1816--1818

 []


Underfull \hbox (badness 10000) in paragraph at lines 1830--1832

 []


Underfull \hbox (badness 10000) in paragraph at lines 1840--1842

 []

[59]
Underfull \hbox (badness 10000) in paragraph at lines 1890--1891

 []


Underfull \hbox (badness 10000) in paragraph at lines 1893--1894

 []


Underfull \hbox (badness 10000) in paragraph at lines 1903--1904

 []

[60] [61]
<./images/Boundary.png, id=967, 301.125pt x 301.125pt>
File: ./images/Boundary.png Graphic file (type png)
<use ./images/Boundary.png>
Package pdftex.def Info: ./images/Boundary.png  used on input line 1949.
(pdftex.def)             Requested size: 180.67638pt x 180.67638pt.
 [62 <./images/Boundary.png>]
<./images/CartesianProduct.png, id=973, 301.125pt x 250.9375pt>
File: ./images/CartesianProduct.png Graphic file (type png)
<use ./images/CartesianProduct.png>
Package pdftex.def Info: ./images/CartesianProduct.png  used on input line 1954
.
(pdftex.def)             Requested size: 180.67638pt x 150.56364pt.
<./images/BoundaryProduct.png, id=974, 306.14375pt x 301.125pt>
File: ./images/BoundaryProduct.png Graphic file (type png)
<use ./images/BoundaryProduct.png>
Package pdftex.def Info: ./images/BoundaryProduct.png  used on input line 1959.

(pdftex.def)             Requested size: 183.68765pt x 180.67638pt.
<./images/BoundaryProductCylinder.png, id=975, 301.125pt x 200.75pt>
File: ./images/BoundaryProductCylinder.png Graphic file (type png)
<use ./images/BoundaryProductCylinder.png>
Package pdftex.def Info: ./images/BoundaryProductCylinder.png  used on input li
ne 1962.
(pdftex.def)             Requested size: 180.67638pt x 120.45091pt.
 [63 <./images/CartesianProduct.png> <./images/BoundaryProduct.png> <./images/B
oundaryProductCylinder.png>]
<./images/ListDelete.png, id=980, 301.125pt x 301.125pt>
File: ./images/ListDelete.png Graphic file (type png)
<use ./images/ListDelete.png>
Package pdftex.def Info: ./images/ListDelete.png  used on input line 1971.
(pdftex.def)             Requested size: 180.67638pt x 180.67638pt.
 [64 <./images/ListDelete.png>]
<./images/SquareVariation.png, id=987, 250.9375pt x 250.9375pt>
File: ./images/SquareVariation.png Graphic file (type png)
<use ./images/SquareVariation.png>
Package pdftex.def Info: ./images/SquareVariation.png  used on input line 2018.

(pdftex.def)             Requested size: 150.56364pt x 150.56364pt.
 [65 <./images/SquareVariation.png>]
<./images/TriangleVariation.png, id=993, 250.9375pt x 250.9375pt>
File: ./images/TriangleVariation.png Graphic file (type png)
<use ./images/TriangleVariation.png>
Package pdftex.def Info: ./images/TriangleVariation.png  used on input line 202
5.
(pdftex.def)             Requested size: 150.56364pt x 150.56364pt.
<./images/CircleVariation.png, id=994, 250.9375pt x 250.9375pt>
File: ./images/CircleVariation.png Graphic file (type png)
<use ./images/CircleVariation.png>
Package pdftex.def Info: ./images/CircleVariation.png  used on input line 2032.

(pdftex.def)             Requested size: 150.56364pt x 150.56364pt.
 [66 <./images/TriangleVariation.png> <./images/CircleVariation.png>]
Underfull \vbox (badness 10000) has occurred while \output is active []

 [67]
<./images/NewtonsMethod.png, id=1006, 401.5pt x 301.125pt>
File: ./images/NewtonsMethod.png Graphic file (type png)
<use ./images/NewtonsMethod.png>
Package pdftex.def Info: ./images/NewtonsMethod.png  used on input line 2127.
(pdftex.def)             Requested size: 240.90184pt x 180.67638pt.

Underfull \vbox (badness 1242) has occurred while \output is active []

 [68]
Underfull \vbox (badness 2173) has occurred while \output is active []

 [69 <./images/NewtonsMethod.png>] [70] [71]
<./images/Curvature.png, id=1028, 301.125pt x 301.125pt>
File: ./images/Curvature.png Graphic file (type png)
<use ./images/Curvature.png>
Package pdftex.def Info: ./images/Curvature.png  used on input line 2231.
(pdftex.def)             Requested size: 180.67638pt x 180.67638pt.
<./images/Osculating.png, id=1029, 301.125pt x 301.125pt>
File: ./images/Osculating.png Graphic file (type png)
<use ./images/Osculating.png>
Package pdftex.def Info: ./images/Osculating.png  used on input line 2240.
(pdftex.def)             Requested size: 180.67638pt x 180.67638pt.
 [72 <./images/Curvature.png> <./images/Osculating.png>] [73] [74]
<./images/MaxMin.png, id=1047, 351.3125pt x 250.9375pt>
File: ./images/MaxMin.png Graphic file (type png)
<use ./images/MaxMin.png>
Package pdftex.def Info: ./images/MaxMin.png  used on input line 2333.
(pdftex.def)             Requested size: 210.78911pt x 150.56364pt.
<./images/CriticalPoints.png, id=1048, 351.3125pt x 250.9375pt>
File: ./images/CriticalPoints.png Graphic file (type png)
<use ./images/CriticalPoints.png>
Package pdftex.def Info: ./images/CriticalPoints.png  used on input line 2341.
(pdftex.def)             Requested size: 210.78911pt x 150.56364pt.
 [75 <./images/MaxMin.png> <./images/CriticalPoints.png>]
[76]
<./images/BoxMax.png, id=1060, 250.9375pt x 250.9375pt>
File: ./images/BoxMax.png Graphic file (type png)
<use ./images/BoxMax.png>
Package pdftex.def Info: ./images/BoxMax.png  used on input line 2390.
(pdftex.def)             Requested size: 150.56364pt x 150.56364pt.

Underfull \vbox (badness 1303) has occurred while \output is active []

 [77 <./images/BoxMax.png>]
<./images/DataPlot.png, id=1065, 301.125pt x 301.125pt>
File: ./images/DataPlot.png Graphic file (type png)
<use ./images/DataPlot.png>
Package pdftex.def Info: ./images/DataPlot.png  used on input line 2440.
(pdftex.def)             Requested size: 180.67638pt x 180.67638pt.
 [78 <./images/DataPlot.png>]
<./images/Residuals.png, id=1070, 301.125pt x 301.125pt>
File: ./images/Residuals.png Graphic file (type png)
<use ./images/Residuals.png>
Package pdftex.def Info: ./images/Residuals.png  used on input line 2445.
(pdftex.def)             Requested size: 180.67638pt x 180.67638pt.
 [79 <./images/Residuals.png>]
[80]
<./images/CoffeeDoughnuts.png, id=1080, 301.125pt x 301.125pt>
File: ./images/CoffeeDoughnuts.png Graphic file (type png)
<use ./images/CoffeeDoughnuts.png>
Package pdftex.def Info: ./images/CoffeeDoughnuts.png  used on input line 2505.

(pdftex.def)             Requested size: 180.67638pt x 180.67638pt.
 [81 <./images/CoffeeDoughnuts.png>]
<./images/Ladder.png, id=1085, 401.5pt x 250.9375pt>
File: ./images/Ladder.png Graphic file (type png)
<use ./images/Ladder.png>
Package pdftex.def Info: ./images/Ladder.png  used on input line 2550.
(pdftex.def)             Requested size: 240.90184pt x 150.56364pt.
 [82 <./images/Ladder.png>]
<./images/Faucet.png, id=1090, 301.125pt x 301.125pt>
File: ./images/Faucet.png Graphic file (type png)
<use ./images/Faucet.png>
Package pdftex.def Info: ./images/Faucet.png  used on input line 2566.
(pdftex.def)             Requested size: 180.67638pt x 180.67638pt.
 [83 <./images/Faucet.png>] [84]
<./images/WineElasticity.png, id=1101, 301.125pt x 301.125pt>
File: ./images/WineElasticity.png Graphic file (type png)
<use ./images/WineElasticity.png>
Package pdftex.def Info: ./images/WineElasticity.png  used on input line 2640.
(pdftex.def)             Requested size: 180.67638pt x 180.67638pt.
<./images/TPElasticity.png, id=1102, 301.125pt x 301.125pt>
File: ./images/TPElasticity.png Graphic file (type png)
<use ./images/TPElasticity.png>
Package pdftex.def Info: ./images/TPElasticity.png  used on input line 2641.
(pdftex.def)             Requested size: 180.67638pt x 180.67638pt.
 [85 <./images/WineElasticity.png> <./images/TPElasticity.png>] [86]
<./images/SinTrig.png, id=1113, 321.2pt x 260.975pt>
File: ./images/SinTrig.png Graphic file (type png)
<use ./images/SinTrig.png>
Package pdftex.def Info: ./images/SinTrig.png  used on input line 2711.
(pdftex.def)             Requested size: 192.72148pt x 156.5862pt.
 [87]
Underfull \vbox (badness 1331) has occurred while \output is active []

 [88 <./images/SinTrig.png>] [89] [90]
Chapter 3.
[91

]
<./images/ODESlope.png, id=1136, 301.125pt x 301.125pt>
File: ./images/ODESlope.png Graphic file (type png)
<use ./images/ODESlope.png>
Package pdftex.def Info: ./images/ODESlope.png  used on input line 2841.
(pdftex.def)             Requested size: 180.67638pt x 180.67638pt.
 [92 <./images/ODESlope.png>] [93]
Underfull \hbox (badness 10000) in paragraph at lines 2913--2914

 []

[94]
<./images/ExponentialGrowthDecay.png, id=1153, 301.125pt x 301.125pt>
File: ./images/ExponentialGrowthDecay.png Graphic file (type png)
<use ./images/ExponentialGrowthDecay.png>
Package pdftex.def Info: ./images/ExponentialGrowthDecay.png  used on input lin
e 2941.
(pdftex.def)             Requested size: 180.67638pt x 180.67638pt.
 [95 <./images/ExponentialGrowthDecay.png>] [96]
Chapter 4.
[97

] [98

]
Chapter 5.
[99]
Package atveryend Info: Empty hook `BeforeClearDocument' on input line 2964.
Package atveryend Info: Empty hook `AfterLastShipout' on input line 2964.
 (./calculus.aux)
Package atveryend Info: Executing hook `AtVeryEndDocument' on input line 2964.
Package atveryend Info: Executing hook `AtEndAfterFileList' on input line 2964.

Package rerunfilecheck Info: File `calculus.out' has not changed.
(rerunfilecheck)             Checksum: 3A8C89E0674CD2AF9B8BC47A595BFA81;7855.


LaTeX Warning: There were undefined references.

Package atveryend Info: Empty hook `AtVeryVeryEnd' on input line 2964.
 ) 
Here is how much of TeX's memory you used:
 20609 strings out of 492615
 407393 string characters out of 6131390
 512554 words of memory out of 5000000
 23826 multiletter control sequences out of 15000+600000
 15887 words of font info for 59 fonts, out of 8000000 for 9000
 1141 hyphenation exceptions out of 8191
 54i,14n,85p,1038b,1101s stack positions out of 5000i,500n,10000p,200000b,80000s
</usr/share/texlive/texmf-dist/fonts/type1/public/amsfonts/cm/cmbsy10.pfb></u
sr/share/texlive/texmf-dist/fonts/type1/public/amsfonts/cmextra/cmbsy5.pfb></us
r/share/texlive/texmf-dist/fonts/type1/public/amsfonts/cmextra/cmbsy7.pfb></usr
/share/texlive/texmf-dist/fonts/type1/public/amsfonts/cm/cmbx10.pfb></usr/share
/texlive/texmf-dist/fonts/type1/public/amsfonts/cm/cmbx12.pfb></usr/share/texli
ve/texmf-dist/fonts/type1/public/amsfonts/cm/cmbx5.pfb></usr/share/texlive/texm
f-dist/fonts/type1/public/amsfonts/cm/cmbx7.pfb></usr/share/texlive/texmf-dist/
fonts/type1/public/amsfonts/cm/cmex10.pfb></usr/share/texlive/texmf-dist/fonts/
type1/public/amsfonts/cm/cmmib10.pfb></usr/share/texlive/texmf-dist/fonts/type1
/public/amsfonts/cmextra/cmmib5.pfb></usr/share/texlive/texmf-dist/fonts/type1/
public/amsfonts/cmextra/cmmib7.pfb></usr/share/texlive/texmf-dist/fonts/type1/p
ublic/amsfonts/cmextra/cmmib8.pfb></usr/share/texlive/texmf-dist/fonts/type1/pu
blic/amsfonts/cm/cmr10.pfb></usr/share/texlive/texmf-dist/fonts/type1/public/am
sfonts/cm/cmr12.pfb></usr/share/texlive/texmf-dist/fonts/type1/public/amsfonts/
cm/cmr17.pfb></usr/share/texlive/texmf-dist/fonts/type1/public/amsfonts/cm/cmsl
10.pfb></usr/share/texlive/texmf-dist/fonts/type1/public/amsfonts/cm/cmsy10.pfb
></usr/share/texlive/texmf-dist/fonts/type1/public/amsfonts/cm/cmti10.pfb></usr
/share/texlive/texmf-dist/fonts/type1/public/amsfonts/symbols/msbm10.pfb>
Output written on calculus.pdf (99 pages, 1014600 bytes).
PDF statistics:
 1312 PDF objects out of 1440 (max. 8388607)
 1138 compressed objects within 12 object streams
 333 named destinations out of 1000 (max. 500000)
 1111 words of extra memory for PDF output out of 10000 (max. 10000000)

